# JRE version: OpenJDK Runtime Environment (8.0_242-b01) (build 1.8.0_242-release-1644-b01)
# Java VM: OpenJDK 64-Bit Server VM (25.242-b01 mixed mode windows-amd64 compressed oops)
Heap:
 PSYoungGen      total 379904K, used 188104K [0x00000000d5580000, 0x00000000f3680000, 0x0000000100000000)
  eden space 354816K, 45% used [0x00000000d5580000,0x00000000df4b2f00,0x00000000eb000000)
  from space 25088K, 99% used [0x00000000eb000000,0x00000000ec87f3d0,0x00000000ec880000)
  to   space 29184K, 0% used [0x00000000f1a00000,0x00000000f1a00000,0x00000000f3680000)
 ParOldGen       total 197632K, used 41162K [0x0000000080000000, 0x000000008c100000, 0x00000000d5580000)
  object space 197632K, 20% used [0x0000000080000000,0x0000000082832850,0x000000008c100000)
 Metaspace       used 72441K, capacity 75768K, committed 75800K, reserved 1114112K
  class space    used 9642K, capacity 10245K, committed 10272K, reserved 1048576K
GC Heap History (10 events):
Event: 3.032 GC heap before
{Heap before GC invocations=8 (full 2):
 PSYoungGen      total 246272K, used 8828K [0x00000000d5580000, 0x00000000e5600000, 0x0000000100000000)
  eden space 229888K, 0% used [0x00000000d5580000,0x00000000d5580000,0x00000000e3600000)
  from space 16384K, 53% used [0x00000000e4500000,0x00000000e4d9f130,0x00000000e5500000)
  to   space 15360K, 0% used [0x00000000e3600000,0x00000000e3600000,0x00000000e4500000)
 ParOldGen       total 88576K, used 10821K [0x0000000080000000, 0x0000000085680000, 0x00000000d5580000)
  object space 88576K, 12% used [0x0000000080000000,0x0000000080a91660,0x0000000085680000)
 Metaspace       used 34290K, capacity 35424K, committed 35496K, reserved 1079296K
  class space    used 4721K, capacity 5005K, committed 5040K, reserved 1048576K
Event: 3.066 GC heap after
Heap after GC invocations=8 (full 2):
 PSYoungGen      total 246272K, used 0K [0x00000000d5580000, 0x00000000e5600000, 0x0000000100000000)
  eden space 229888K, 0% used [0x00000000d5580000,0x00000000d5580000,0x00000000e3600000)
  from space 16384K, 0% used [0x00000000e4500000,0x00000000e4500000,0x00000000e5500000)
  to   space 15360K, 0% used [0x00000000e3600000,0x00000000e3600000,0x00000000e4500000)
 ParOldGen       total 130560K, used 15264K [0x0000000080000000, 0x0000000087f80000, 0x00000000d5580000)
  object space 130560K, 11% used [0x0000000080000000,0x0000000080ee82c0,0x0000000087f80000)
 Metaspace       used 34290K, capacity 35424K, committed 35496K, reserved 1079296K
  class space    used 4721K, capacity 5005K, committed 5040K, reserved 1048576K
}
Event: 4.086 GC heap before
{Heap before GC invocations=9 (full 2):
 PSYoungGen      total 246272K, used 229888K [0x00000000d5580000, 0x00000000e5600000, 0x0000000100000000)
  eden space 229888K, 100% used [0x00000000d5580000,0x00000000e3600000,0x00000000e3600000)
  from space 16384K, 0% used [0x00000000e4500000,0x00000000e4500000,0x00000000e5500000)
  to   space 15360K, 0% used [0x00000000e3600000,0x00000000e3600000,0x00000000e4500000)
 ParOldGen       total 130560K, used 15264K [0x0000000080000000, 0x0000000087f80000, 0x00000000d5580000)
  object space 130560K, 11% used [0x0000000080000000,0x0000000080ee82c0,0x0000000087f80000)
 Metaspace       used 45529K, capacity 47380K, committed 47528K, reserved 1089536K
  class space    used 6151K, capacity 6524K, committed 6576K, reserved 1048576K
Event: 4.102 GC heap after
Heap after GC invocations=9 (full 2):
 PSYoungGen      total 245248K, used 15336K [0x00000000d5580000, 0x00000000edb00000, 0x0000000100000000)
  eden space 229888K, 0% used [0x00000000d5580000,0x00000000d5580000,0x00000000e3600000)
  from space 15360K, 99% used [0x00000000e3600000,0x00000000e44fa1e8,0x00000000e4500000)
  to   space 18944K, 0% used [0x00000000ec880000,0x00000000ec880000,0x00000000edb00000)
 ParOldGen       total 130560K, used 17691K [0x0000000080000000, 0x0000000087f80000, 0x00000000d5580000)
  object space 130560K, 13% used [0x0000000080000000,0x0000000081146c18,0x0000000087f80000)
 Metaspace       used 45529K, capacity 47380K, committed 47528K, reserved 1089536K
  class space    used 6151K, capacity 6524K, committed 6576K, reserved 1048576K
}
Event: 5.057 GC heap before
{Heap before GC invocations=10 (full 2):
 PSYoungGen      total 245248K, used 174212K [0x00000000d5580000, 0x00000000edb00000, 0x0000000100000000)
  eden space 229888K, 69% used [0x00000000d5580000,0x00000000df0a6e48,0x00000000e3600000)
  from space 15360K, 99% used [0x00000000e3600000,0x00000000e44fa1e8,0x00000000e4500000)
  to   space 18944K, 0% used [0x00000000ec880000,0x00000000ec880000,0x00000000edb00000)
 ParOldGen       total 130560K, used 17691K [0x0000000080000000, 0x0000000087f80000, 0x00000000d5580000)
  object space 130560K, 13% used [0x0000000080000000,0x0000000081146c18,0x0000000087f80000)
 Metaspace       used 56847K, capacity 59080K, committed 59160K, reserved 1099776K
  class space    used 7707K, capacity 8167K, committed 8224K, reserved 1048576K
Event: 5.078 GC heap after
Heap after GC invocations=10 (full 2):
 PSYoungGen      total 373760K, used 18917K [0x00000000d5580000, 0x00000000ee280000, 0x0000000100000000)
  eden space 354816K, 0% used [0x00000000d5580000,0x00000000d5580000,0x00000000eb000000)
  from space 18944K, 99% used [0x00000000ec880000,0x00000000edaf9448,0x00000000edb00000)
  to   space 25088K, 0% used [0x00000000eb000000,0x00000000eb000000,0x00000000ec880000)
 ParOldGen       total 130560K, used 26078K [0x0000000080000000, 0x0000000087f80000, 0x00000000d5580000)
  object space 130560K, 19% used [0x0000000080000000,0x00000000819778c8,0x0000000087f80000)
 Metaspace       used 56847K, capacity 59080K, committed 59160K, reserved 1099776K
  class space    used 7707K, capacity 8167K, committed 8224K, reserved 1048576K
}
Event: 5.078 GC heap before
{Heap before GC invocations=11 (full 3):
 PSYoungGen      total 373760K, used 18917K [0x00000000d5580000, 0x00000000ee280000, 0x0000000100000000)
  eden space 354816K, 0% used [0x00000000d5580000,0x00000000d5580000,0x00000000eb000000)
  from space 18944K, 99% used [0x00000000ec880000,0x00000000edaf9448,0x00000000edb00000)
  to   space 25088K, 0% used [0x00000000eb000000,0x00000000eb000000,0x00000000ec880000)
 ParOldGen       total 130560K, used 26078K [0x0000000080000000, 0x0000000087f80000, 0x00000000d5580000)
  object space 130560K, 19% used [0x0000000080000000,0x00000000819778c8,0x0000000087f80000)
 Metaspace       used 56847K, capacity 59080K, committed 59160K, reserved 1099776K
  class space    used 7707K, capacity 8167K, committed 8224K, reserved 1048576K
Event: 5.216 GC heap after
Heap after GC invocations=11 (full 3):
 PSYoungGen      total 373760K, used 0K [0x00000000d5580000, 0x00000000ee280000, 0x0000000100000000)
  eden space 354816K, 0% used [0x00000000d5580000,0x00000000d5580000,0x00000000eb000000)
  from space 18944K, 0% used [0x00000000ec880000,0x00000000ec880000,0x00000000edb00000)
  to   space 25088K, 0% used [0x00000000eb000000,0x00000000eb000000,0x00000000ec880000)
 ParOldGen       total 197632K, used 39689K [0x0000000080000000, 0x000000008c100000, 0x00000000d5580000)
  object space 197632K, 20% used [0x0000000080000000,0x00000000826c27d0,0x000000008c100000)
 Metaspace       used 56817K, capacity 58978K, committed 59160K, reserved 1099776K
  class space    used 7697K, capacity 8150K, committed 8224K, reserved 1048576K
}
Event: 11.320 GC heap before
{Heap before GC invocations=12 (full 3):
 PSYoungGen      total 373760K, used 354816K [0x00000000d5580000, 0x00000000ee280000, 0x0000000100000000)
  eden space 354816K, 100% used [0x00000000d5580000,0x00000000eb000000,0x00000000eb000000)
  from space 18944K, 0% used [0x00000000ec880000,0x00000000ec880000,0x00000000edb00000)
  to   space 25088K, 0% used [0x00000000eb000000,0x00000000eb000000,0x00000000ec880000)
 ParOldGen       total 197632K, used 39689K [0x0000000080000000, 0x000000008c100000, 0x00000000d5580000)
  object space 197632K, 20% used [0x0000000080000000,0x00000000826c27d0,0x000000008c100000)
 Metaspace       used 70488K, capacity 73666K, committed 73880K, reserved 1114112K
  class space    used 9449K, capacity 10080K, committed 10144K, reserved 1048576K
Event: 11.343 GC heap after
Heap after GC invocations=12 (full 3):
 PSYoungGen      total 379904K, used 25084K [0x00000000d5580000, 0x00000000f3680000, 0x0000000100000000)
  eden space 354816K, 0% used [0x00000000d5580000,0x00000000d5580000,0x00000000eb000000)
  from space 25088K, 99% used [0x00000000eb000000,0x00000000ec87f3d0,0x00000000ec880000)
  to   space 29184K, 0% used [0x00000000f1a00000,0x00000000f1a00000,0x00000000f3680000)
 ParOldGen       total 197632K, used 41162K [0x0000000080000000, 0x000000008c100000, 0x00000000d5580000)
  object space 197632K, 20% used [0x0000000080000000,0x0000000082832850,0x000000008c100000)
 Metaspace       used 70488K, capacity 73666K, committed 73880K, reserved 1114112K
  class space    used 9449K, capacity 10080K, committed 10144K, reserved 1048576K
}

