# JRE version: OpenJDK Runtime Environment (8.0_242-b01) (build 1.8.0_242-release-1644-b01)
# Java VM: OpenJDK 64-Bit Server VM (25.242-b01 mixed mode windows-amd64 compressed oops)
Heap:
 PSYoungGen      total 621568K, used 184090K [0x00000000d5580000, 0x0000000100000000, 0x0000000100000000)
  eden space 554496K, 23% used [0x00000000d5580000,0x00000000dd6692e8,0x00000000f7300000)
  from space 67072K, 77% used [0x00000000fbe80000,0x00000000ff15d570,0x0000000100000000)
  to   space 72192K, 0% used [0x00000000f7300000,0x00000000f7300000,0x00000000fb980000)
 ParOldGen       total 342016K, used 132104K [0x0000000080000000, 0x0000000094e00000, 0x00000000d5580000)
  object space 342016K, 38% used [0x0000000080000000,0x00000000881022d0,0x0000000094e00000)
 Metaspace       used 92685K, capacity 97268K, committed 97816K, reserved 1134592K
  class space    used 12119K, capacity 12975K, committed 13104K, reserved 1048576K
GC Heap History (10 events):
Event: 117.967 GC heap before
{Heap before GC invocations=16 (full 3):
 PSYoungGen      total 547840K, used 547827K [0x00000000d5580000, 0x00000000fdb00000, 0x0000000100000000)
  eden space 503296K, 100% used [0x00000000d5580000,0x00000000f4100000,0x00000000f4100000)
  from space 44544K, 99% used [0x00000000f7e00000,0x00000000fa97cd88,0x00000000fa980000)
  to   space 62464K, 0% used [0x00000000f4100000,0x00000000f4100000,0x00000000f7e00000)
 ParOldGen       total 188416K, used 88583K [0x0000000080000000, 0x000000008b800000, 0x00000000d5580000)
  object space 188416K, 47% used [0x0000000080000000,0x0000000085681e48,0x000000008b800000)
 Metaspace       used 92243K, capacity 96938K, committed 97304K, reserved 1134592K
  class space    used 12125K, capacity 12982K, committed 13104K, reserved 1048576K
Event: 118.013 GC heap after
Heap after GC invocations=16 (full 3):
 PSYoungGen      total 565760K, used 37032K [0x00000000d5580000, 0x0000000100000000, 0x0000000100000000)
  eden space 503296K, 0% used [0x00000000d5580000,0x00000000d5580000,0x00000000f4100000)
  from space 62464K, 59% used [0x00000000f4100000,0x00000000f652a0f8,0x00000000f7e00000)
  to   space 63488K, 0% used [0x00000000fc200000,0x00000000fc200000,0x0000000100000000)
 ParOldGen       total 188416K, used 113735K [0x0000000080000000, 0x000000008b800000, 0x00000000d5580000)
  object space 188416K, 60% used [0x0000000080000000,0x0000000086f11e78,0x000000008b800000)
 Metaspace       used 92243K, capacity 96938K, committed 97304K, reserved 1134592K
  class space    used 12125K, capacity 12982K, committed 13104K, reserved 1048576K
}
Event: 118.614 GC heap before
{Heap before GC invocations=17 (full 3):
 PSYoungGen      total 565760K, used 540328K [0x00000000d5580000, 0x0000000100000000, 0x0000000100000000)
  eden space 503296K, 100% used [0x00000000d5580000,0x00000000f4100000,0x00000000f4100000)
  from space 62464K, 59% used [0x00000000f4100000,0x00000000f652a0f8,0x00000000f7e00000)
  to   space 63488K, 0% used [0x00000000fc200000,0x00000000fc200000,0x0000000100000000)
 ParOldGen       total 188416K, used 113735K [0x0000000080000000, 0x000000008b800000, 0x00000000d5580000)
  object space 188416K, 60% used [0x0000000080000000,0x0000000086f11e78,0x000000008b800000)
 Metaspace       used 92535K, capacity 97208K, committed 97560K, reserved 1134592K
  class space    used 12130K, capacity 12987K, committed 13104K, reserved 1048576K
Event: 118.660 GC heap after
Heap after GC invocations=17 (full 3):
 PSYoungGen      total 622080K, used 54418K [0x00000000d5580000, 0x0000000100000000, 0x0000000100000000)
  eden space 558592K, 0% used [0x00000000d5580000,0x00000000d5580000,0x00000000f7700000)
  from space 63488K, 85% used [0x00000000fc200000,0x00000000ff724888,0x0000000100000000)
  to   space 70144K, 0% used [0x00000000f7700000,0x00000000f7700000,0x00000000fbb80000)
 ParOldGen       total 188416K, used 113743K [0x0000000080000000, 0x000000008b800000, 0x00000000d5580000)
  object space 188416K, 60% used [0x0000000080000000,0x0000000086f13e78,0x000000008b800000)
 Metaspace       used 92535K, capacity 97208K, committed 97560K, reserved 1134592K
  class space    used 12130K, capacity 12987K, committed 13104K, reserved 1048576K
}
Event: 119.510 GC heap before
{Heap before GC invocations=18 (full 3):
 PSYoungGen      total 622080K, used 613010K [0x00000000d5580000, 0x0000000100000000, 0x0000000100000000)
  eden space 558592K, 100% used [0x00000000d5580000,0x00000000f7700000,0x00000000f7700000)
  from space 63488K, 85% used [0x00000000fc200000,0x00000000ff724888,0x0000000100000000)
  to   space 70144K, 0% used [0x00000000f7700000,0x00000000f7700000,0x00000000fbb80000)
 ParOldGen       total 188416K, used 115805K [0x0000000080000000, 0x000000008b800000, 0x00000000d5580000)
  object space 188416K, 61% used [0x0000000080000000,0x00000000871174e8,0x000000008b800000)
 Metaspace       used 92742K, capacity 97448K, committed 97560K, reserved 1134592K
  class space    used 12142K, capacity 12993K, committed 13104K, reserved 1048576K
Event: 119.571 GC heap after
Heap after GC invocations=18 (full 3):
 PSYoungGen      total 628736K, used 22842K [0x00000000d5580000, 0x0000000100000000, 0x0000000100000000)
  eden space 558592K, 0% used [0x00000000d5580000,0x00000000d5580000,0x00000000f7700000)
  from space 70144K, 32% used [0x00000000f7700000,0x00000000f8d4ea38,0x00000000fbb80000)
  to   space 67072K, 0% used [0x00000000fbe80000,0x00000000fbe80000,0x0000000100000000)
 ParOldGen       total 188416K, used 156439K [0x0000000080000000, 0x000000008b800000, 0x00000000d5580000)
  object space 188416K, 83% used [0x0000000080000000,0x00000000898c5ff0,0x000000008b800000)
 Metaspace       used 92742K, capacity 97448K, committed 97560K, reserved 1134592K
  class space    used 12142K, capacity 12993K, committed 13104K, reserved 1048576K
}
Event: 119.571 GC heap before
{Heap before GC invocations=19 (full 4):
 PSYoungGen      total 628736K, used 22842K [0x00000000d5580000, 0x0000000100000000, 0x0000000100000000)
  eden space 558592K, 0% used [0x00000000d5580000,0x00000000d5580000,0x00000000f7700000)
  from space 70144K, 32% used [0x00000000f7700000,0x00000000f8d4ea38,0x00000000fbb80000)
  to   space 67072K, 0% used [0x00000000fbe80000,0x00000000fbe80000,0x0000000100000000)
 ParOldGen       total 188416K, used 156439K [0x0000000080000000, 0x000000008b800000, 0x00000000d5580000)
  object space 188416K, 83% used [0x0000000080000000,0x00000000898c5ff0,0x000000008b800000)
 Metaspace       used 92742K, capacity 97448K, committed 97560K, reserved 1134592K
  class space    used 12142K, capacity 12993K, committed 13104K, reserved 1048576K
Event: 119.919 GC heap after
Heap after GC invocations=19 (full 4):
 PSYoungGen      total 628736K, used 0K [0x00000000d5580000, 0x0000000100000000, 0x0000000100000000)
  eden space 558592K, 0% used [0x00000000d5580000,0x00000000d5580000,0x00000000f7700000)
  from space 70144K, 0% used [0x00000000f7700000,0x00000000f7700000,0x00000000fbb80000)
  to   space 67072K, 0% used [0x00000000fbe80000,0x00000000fbe80000,0x0000000100000000)
 ParOldGen       total 342016K, used 132103K [0x0000000080000000, 0x0000000094e00000, 0x00000000d5580000)
  object space 342016K, 38% used [0x0000000080000000,0x0000000088101c40,0x0000000094e00000)
 Metaspace       used 92653K, capacity 97164K, committed 97560K, reserved 1134592K
  class space    used 12113K, capacity 12943K, committed 13104K, reserved 1048576K
}
Event: 120.608 GC heap before
{Heap before GC invocations=20 (full 4):
 PSYoungGen      total 628736K, used 558592K [0x00000000d5580000, 0x0000000100000000, 0x0000000100000000)
  eden space 558592K, 100% used [0x00000000d5580000,0x00000000f7700000,0x00000000f7700000)
  from space 70144K, 0% used [0x00000000f7700000,0x00000000f7700000,0x00000000fbb80000)
  to   space 67072K, 0% used [0x00000000fbe80000,0x00000000fbe80000,0x0000000100000000)
 ParOldGen       total 342016K, used 132104K [0x0000000080000000, 0x0000000094e00000, 0x00000000d5580000)
  object space 342016K, 38% used [0x0000000080000000,0x00000000881022d0,0x0000000094e00000)
 Metaspace       used 92685K, capacity 97268K, committed 97816K, reserved 1134592K
  class space    used 12119K, capacity 12975K, committed 13104K, reserved 1048576K
Event: 120.661 GC heap after
Heap after GC invocations=20 (full 4):
 PSYoungGen      total 621568K, used 52085K [0x00000000d5580000, 0x0000000100000000, 0x0000000100000000)
  eden space 554496K, 0% used [0x00000000d5580000,0x00000000d5580000,0x00000000f7300000)
  from space 67072K, 77% used [0x00000000fbe80000,0x00000000ff15d570,0x0000000100000000)
  to   space 72192K, 0% used [0x00000000f7300000,0x00000000f7300000,0x00000000fb980000)
 ParOldGen       total 342016K, used 132104K [0x0000000080000000, 0x0000000094e00000, 0x00000000d5580000)
  object space 342016K, 38% used [0x0000000080000000,0x00000000881022d0,0x0000000094e00000)
 Metaspace       used 92685K, capacity 97268K, committed 97816K, reserved 1134592K
  class space    used 12119K, capacity 12975K, committed 13104K, reserved 1048576K
}

