# JRE version: OpenJDK Runtime Environment (8.0_242-b01) (build 1.8.0_242-release-1644-b01)
# Java VM: OpenJDK 64-Bit Server VM (25.242-b01 mixed mode windows-amd64 compressed oops)
Heap:
 PSYoungGen      total 607744K, used 444730K [0x00000000d5580000, 0x0000000100000000, 0x0000000100000000)
  eden space 516096K, 82% used [0x00000000d5580000,0x00000000ef366a88,0x00000000f4d80000)
  from space 91648K, 22% used [0x00000000fa280000,0x00000000fb6e80f0,0x00000000ffc00000)
  to   space 87040K, 0% used [0x00000000f4d80000,0x00000000f4d80000,0x00000000fa280000)
 ParOldGen       total 359424K, used 130306K [0x0000000080000000, 0x0000000095f00000, 0x00000000d5580000)
  object space 359424K, 36% used [0x0000000080000000,0x0000000087f409c8,0x0000000095f00000)
 Metaspace       used 121534K, capacity 128334K, committed 128600K, reserved 1161216K
  class space    used 15675K, capacity 16964K, committed 17024K, reserved 1048576K
GC Heap History (10 events):
Event: 140.175 GC heap before
{Heap before GC invocations=19 (full 4):
 PSYoungGen      total 568320K, used 568314K [0x00000000d5580000, 0x0000000100000000, 0x0000000100000000)
  eden space 511488K, 100% used [0x00000000d5580000,0x00000000f4900000,0x00000000f4900000)
  from space 56832K, 99% used [0x00000000fc880000,0x00000000ffffea20,0x0000000100000000)
  to   space 93696K, 0% used [0x00000000f4900000,0x00000000f4900000,0x00000000fa480000)
 ParOldGen       total 264192K, used 183942K [0x0000000080000000, 0x0000000090200000, 0x00000000d5580000)
  object space 264192K, 69% used [0x0000000080000000,0x000000008b3a1890,0x0000000090200000)
 Metaspace       used 119553K, capacity 126308K, committed 126552K, reserved 1159168K
  class space    used 15634K, capacity 16935K, committed 17024K, reserved 1048576K
Event: 140.241 GC heap after
Heap after GC invocations=19 (full 4):
 PSYoungGen      total 605184K, used 51351K [0x00000000d5580000, 0x0000000100000000, 0x0000000100000000)
  eden space 511488K, 0% used [0x00000000d5580000,0x00000000d5580000,0x00000000f4900000)
  from space 93696K, 54% used [0x00000000f4900000,0x00000000f7b25f78,0x00000000fa480000)
  to   space 93696K, 0% used [0x00000000fa480000,0x00000000fa480000,0x0000000100000000)
 ParOldGen       total 264192K, used 225684K [0x0000000080000000, 0x0000000090200000, 0x00000000d5580000)
  object space 264192K, 85% used [0x0000000080000000,0x000000008dc65120,0x0000000090200000)
 Metaspace       used 119553K, capacity 126308K, committed 126552K, reserved 1159168K
  class space    used 15634K, capacity 16935K, committed 17024K, reserved 1048576K
}
Event: 140.241 GC heap before
{Heap before GC invocations=20 (full 5):
 PSYoungGen      total 605184K, used 51351K [0x00000000d5580000, 0x0000000100000000, 0x0000000100000000)
  eden space 511488K, 0% used [0x00000000d5580000,0x00000000d5580000,0x00000000f4900000)
  from space 93696K, 54% used [0x00000000f4900000,0x00000000f7b25f78,0x00000000fa480000)
  to   space 93696K, 0% used [0x00000000fa480000,0x00000000fa480000,0x0000000100000000)
 ParOldGen       total 264192K, used 225684K [0x0000000080000000, 0x0000000090200000, 0x00000000d5580000)
  object space 264192K, 85% used [0x0000000080000000,0x000000008dc65120,0x0000000090200000)
 Metaspace       used 119553K, capacity 126308K, committed 126552K, reserved 1159168K
  class space    used 15634K, capacity 16935K, committed 17024K, reserved 1048576K
Event: 140.454 GC heap after
Heap after GC invocations=20 (full 5):
 PSYoungGen      total 605184K, used 0K [0x00000000d5580000, 0x0000000100000000, 0x0000000100000000)
  eden space 511488K, 0% used [0x00000000d5580000,0x00000000d5580000,0x00000000f4900000)
  from space 93696K, 0% used [0x00000000f4900000,0x00000000f4900000,0x00000000fa480000)
  to   space 93696K, 0% used [0x00000000fa480000,0x00000000fa480000,0x0000000100000000)
 ParOldGen       total 359424K, used 127834K [0x0000000080000000, 0x0000000095f00000, 0x00000000d5580000)
  object space 359424K, 35% used [0x0000000080000000,0x0000000087cd6bf0,0x0000000095f00000)
 Metaspace       used 119313K, capacity 125616K, committed 126552K, reserved 1159168K
  class space    used 15552K, capacity 16789K, committed 17024K, reserved 1048576K
}
Event: 543.811 GC heap before
{Heap before GC invocations=21 (full 5):
 PSYoungGen      total 605184K, used 511488K [0x00000000d5580000, 0x0000000100000000, 0x0000000100000000)
  eden space 511488K, 100% used [0x00000000d5580000,0x00000000f4900000,0x00000000f4900000)
  from space 93696K, 0% used [0x00000000f4900000,0x00000000f4900000,0x00000000fa480000)
  to   space 93696K, 0% used [0x00000000fa480000,0x00000000fa480000,0x0000000100000000)
 ParOldGen       total 359424K, used 127834K [0x0000000080000000, 0x0000000095f00000, 0x00000000d5580000)
  object space 359424K, 35% used [0x0000000080000000,0x0000000087cd6bf0,0x0000000095f00000)
 Metaspace       used 119942K, capacity 126386K, committed 127064K, reserved 1159168K
  class space    used 15588K, capacity 16828K, committed 17024K, reserved 1048576K
Event: 543.819 GC heap after
Heap after GC invocations=21 (full 5):
 PSYoungGen      total 605184K, used 3792K [0x00000000d5580000, 0x0000000100000000, 0x0000000100000000)
  eden space 511488K, 0% used [0x00000000d5580000,0x00000000d5580000,0x00000000f4900000)
  from space 93696K, 4% used [0x00000000fa480000,0x00000000fa834010,0x0000000100000000)
  to   space 93696K, 0% used [0x00000000f4900000,0x00000000f4900000,0x00000000fa480000)
 ParOldGen       total 359424K, used 127842K [0x0000000080000000, 0x0000000095f00000, 0x00000000d5580000)
  object space 359424K, 35% used [0x0000000080000000,0x0000000087cd8bf0,0x0000000095f00000)
 Metaspace       used 119942K, capacity 126386K, committed 127064K, reserved 1159168K
  class space    used 15588K, capacity 16828K, committed 17024K, reserved 1048576K
}
Event: 660.548 GC heap before
{Heap before GC invocations=22 (full 5):
 PSYoungGen      total 605184K, used 515280K [0x00000000d5580000, 0x0000000100000000, 0x0000000100000000)
  eden space 511488K, 100% used [0x00000000d5580000,0x00000000f4900000,0x00000000f4900000)
  from space 93696K, 4% used [0x00000000fa480000,0x00000000fa834010,0x0000000100000000)
  to   space 93696K, 0% used [0x00000000f4900000,0x00000000f4900000,0x00000000fa480000)
 ParOldGen       total 359424K, used 127842K [0x0000000080000000, 0x0000000095f00000, 0x00000000d5580000)
  object space 359424K, 35% used [0x0000000080000000,0x0000000087cd8bf0,0x0000000095f00000)
 Metaspace       used 120336K, capacity 126730K, committed 127320K, reserved 1159168K
  class space    used 15602K, capacity 16850K, committed 17024K, reserved 1048576K
Event: 660.559 GC heap after
Heap after GC invocations=22 (full 5):
 PSYoungGen      total 522752K, used 11016K [0x00000000d5580000, 0x00000000ffc00000, 0x0000000100000000)
  eden space 511488K, 0% used [0x00000000d5580000,0x00000000d5580000,0x00000000f4900000)
  from space 11264K, 97% used [0x00000000f4900000,0x00000000f53c2230,0x00000000f5400000)
  to   space 91648K, 0% used [0x00000000fa280000,0x00000000fa280000,0x00000000ffc00000)
 ParOldGen       total 359424K, used 130298K [0x0000000080000000, 0x0000000095f00000, 0x00000000d5580000)
  object space 359424K, 36% used [0x0000000080000000,0x0000000087f3e9c8,0x0000000095f00000)
 Metaspace       used 120336K, capacity 126730K, committed 127320K, reserved 1159168K
  class space    used 15602K, capacity 16850K, committed 17024K, reserved 1048576K
}
Event: 709.638 GC heap before
{Heap before GC invocations=23 (full 5):
 PSYoungGen      total 522752K, used 522504K [0x00000000d5580000, 0x00000000ffc00000, 0x0000000100000000)
  eden space 511488K, 100% used [0x00000000d5580000,0x00000000f4900000,0x00000000f4900000)
  from space 11264K, 97% used [0x00000000f4900000,0x00000000f53c2230,0x00000000f5400000)
  to   space 91648K, 0% used [0x00000000fa280000,0x00000000fa280000,0x00000000ffc00000)
 ParOldGen       total 359424K, used 130298K [0x0000000080000000, 0x0000000095f00000, 0x00000000d5580000)
  object space 359424K, 36% used [0x0000000080000000,0x0000000087f3e9c8,0x0000000095f00000)
 Metaspace       used 121146K, capacity 127900K, committed 128088K, reserved 1161216K
  class space    used 15669K, capacity 16953K, committed 17024K, reserved 1048576K
Event: 709.661 GC heap after
Heap after GC invocations=23 (full 5):
 PSYoungGen      total 607744K, used 20896K [0x00000000d5580000, 0x0000000100000000, 0x0000000100000000)
  eden space 516096K, 0% used [0x00000000d5580000,0x00000000d5580000,0x00000000f4d80000)
  from space 91648K, 22% used [0x00000000fa280000,0x00000000fb6e80f0,0x00000000ffc00000)
  to   space 87040K, 0% used [0x00000000f4d80000,0x00000000f4d80000,0x00000000fa280000)
 ParOldGen       total 359424K, used 130306K [0x0000000080000000, 0x0000000095f00000, 0x00000000d5580000)
  object space 359424K, 36% used [0x0000000080000000,0x0000000087f409c8,0x0000000095f00000)
 Metaspace       used 121146K, capacity 127900K, committed 128088K, reserved 1161216K
  class space    used 15669K, capacity 16953K, committed 17024K, reserved 1048576K
}

