# JRE version: OpenJDK Runtime Environment (8.0_242-b01) (build 1.8.0_242-release-1644-b01)
# Java VM: OpenJDK 64-Bit Server VM (25.242-b01 mixed mode windows-amd64 compressed oops)
Heap:
 PSYoungGen      total 473600K, used 83939K [0x00000000d5580000, 0x00000000f5400000, 0x0000000100000000)
  eden space 442880K, 12% used [0x00000000d5580000,0x00000000d897c538,0x00000000f0600000)
  from space 30720K, 99% used [0x00000000f3200000,0x00000000f4ffca48,0x00000000f5000000)
  to   space 39936K, 0% used [0x00000000f0600000,0x00000000f0600000,0x00000000f2d00000)
 ParOldGen       total 187904K, used 57968K [0x0000000080000000, 0x000000008b780000, 0x00000000d5580000)
  object space 187904K, 30% used [0x0000000080000000,0x000000008389c208,0x000000008b780000)
 Metaspace       used 78759K, capacity 82586K, committed 82712K, reserved 1120256K
  class space    used 10494K, capacity 11210K, committed 11288K, reserved 1048576K
GC Heap History (10 events):
Event: 4.702 GC heap before
{Heap before GC invocations=9 (full 2):
 PSYoungGen      total 246784K, used 230912K [0x00000000d5580000, 0x00000000e5580000, 0x0000000100000000)
  eden space 230912K, 100% used [0x00000000d5580000,0x00000000e3700000,0x00000000e3700000)
  from space 15872K, 0% used [0x00000000e4600000,0x00000000e4600000,0x00000000e5580000)
  to   space 15360K, 0% used [0x00000000e3700000,0x00000000e3700000,0x00000000e4600000)
 ParOldGen       total 125952K, used 15265K [0x0000000080000000, 0x0000000087b00000, 0x00000000d5580000)
  object space 125952K, 12% used [0x0000000080000000,0x0000000080ee8530,0x0000000087b00000)
 Metaspace       used 45555K, capacity 47370K, committed 47528K, reserved 1089536K
  class space    used 6145K, capacity 6523K, committed 6568K, reserved 1048576K
Event: 4.715 GC heap after
Heap after GC invocations=9 (full 2):
 PSYoungGen      total 246272K, used 15355K [0x00000000d5580000, 0x00000000ee500000, 0x0000000100000000)
  eden space 230912K, 0% used [0x00000000d5580000,0x00000000d5580000,0x00000000e3700000)
  from space 15360K, 99% used [0x00000000e3700000,0x00000000e45fecb0,0x00000000e4600000)
  to   space 18944K, 0% used [0x00000000ed280000,0x00000000ed280000,0x00000000ee500000)
 ParOldGen       total 125952K, used 18023K [0x0000000080000000, 0x0000000087b00000, 0x00000000d5580000)
  object space 125952K, 14% used [0x0000000080000000,0x0000000081199d30,0x0000000087b00000)
 Metaspace       used 45555K, capacity 47370K, committed 47528K, reserved 1089536K
  class space    used 6145K, capacity 6523K, committed 6568K, reserved 1048576K
}
Event: 6.057 GC heap before
{Heap before GC invocations=10 (full 2):
 PSYoungGen      total 246272K, used 173671K [0x00000000d5580000, 0x00000000ee500000, 0x0000000100000000)
  eden space 230912K, 68% used [0x00000000d5580000,0x00000000df01b148,0x00000000e3700000)
  from space 15360K, 99% used [0x00000000e3700000,0x00000000e45fecb0,0x00000000e4600000)
  to   space 18944K, 0% used [0x00000000ed280000,0x00000000ed280000,0x00000000ee500000)
 ParOldGen       total 125952K, used 18023K [0x0000000080000000, 0x0000000087b00000, 0x00000000d5580000)
  object space 125952K, 14% used [0x0000000080000000,0x0000000081199d30,0x0000000087b00000)
 Metaspace       used 56801K, capacity 59022K, committed 59160K, reserved 1099776K
  class space    used 7684K, capacity 8132K, committed 8216K, reserved 1048576K
Event: 6.079 GC heap after
Heap after GC invocations=10 (full 2):
 PSYoungGen      total 382464K, used 18940K [0x00000000d5580000, 0x00000000ee980000, 0x0000000100000000)
  eden space 363520K, 0% used [0x00000000d5580000,0x00000000d5580000,0x00000000eb880000)
  from space 18944K, 99% used [0x00000000ed280000,0x00000000ee4ff248,0x00000000ee500000)
  to   space 25088K, 0% used [0x00000000eb880000,0x00000000eb880000,0x00000000ed100000)
 ParOldGen       total 125952K, used 26305K [0x0000000080000000, 0x0000000087b00000, 0x00000000d5580000)
  object space 125952K, 20% used [0x0000000080000000,0x00000000819b0528,0x0000000087b00000)
 Metaspace       used 56801K, capacity 59022K, committed 59160K, reserved 1099776K
  class space    used 7684K, capacity 8132K, committed 8216K, reserved 1048576K
}
Event: 6.079 GC heap before
{Heap before GC invocations=11 (full 3):
 PSYoungGen      total 382464K, used 18940K [0x00000000d5580000, 0x00000000ee980000, 0x0000000100000000)
  eden space 363520K, 0% used [0x00000000d5580000,0x00000000d5580000,0x00000000eb880000)
  from space 18944K, 99% used [0x00000000ed280000,0x00000000ee4ff248,0x00000000ee500000)
  to   space 25088K, 0% used [0x00000000eb880000,0x00000000eb880000,0x00000000ed100000)
 ParOldGen       total 125952K, used 26305K [0x0000000080000000, 0x0000000087b00000, 0x00000000d5580000)
  object space 125952K, 20% used [0x0000000080000000,0x00000000819b0528,0x0000000087b00000)
 Metaspace       used 56801K, capacity 59022K, committed 59160K, reserved 1099776K
  class space    used 7684K, capacity 8132K, committed 8216K, reserved 1048576K
Event: 6.223 GC heap after
Heap after GC invocations=11 (full 3):
 PSYoungGen      total 382464K, used 0K [0x00000000d5580000, 0x00000000ee980000, 0x0000000100000000)
  eden space 363520K, 0% used [0x00000000d5580000,0x00000000d5580000,0x00000000eb880000)
  from space 18944K, 0% used [0x00000000ed280000,0x00000000ed280000,0x00000000ee500000)
  to   space 25088K, 0% used [0x00000000eb880000,0x00000000eb880000,0x00000000ed100000)
 ParOldGen       total 187904K, used 39641K [0x0000000080000000, 0x000000008b780000, 0x00000000d5580000)
  object space 187904K, 21% used [0x0000000080000000,0x00000000826b6490,0x000000008b780000)
 Metaspace       used 56773K, capacity 58926K, committed 59160K, reserved 1099776K
  class space    used 7675K, capacity 8116K, committed 8216K, reserved 1048576K
}
Event: 8.882 GC heap before
{Heap before GC invocations=12 (full 3):
 PSYoungGen      total 382464K, used 363520K [0x00000000d5580000, 0x00000000ee980000, 0x0000000100000000)
  eden space 363520K, 100% used [0x00000000d5580000,0x00000000eb880000,0x00000000eb880000)
  from space 18944K, 0% used [0x00000000ed280000,0x00000000ed280000,0x00000000ee500000)
  to   space 25088K, 0% used [0x00000000eb880000,0x00000000eb880000,0x00000000ed100000)
 ParOldGen       total 187904K, used 39641K [0x0000000080000000, 0x000000008b780000, 0x00000000d5580000)
  object space 187904K, 21% used [0x0000000080000000,0x00000000826b6490,0x000000008b780000)
 Metaspace       used 67618K, capacity 71004K, committed 71192K, reserved 1110016K
  class space    used 9234K, capacity 9895K, committed 10008K, reserved 1048576K
Event: 8.901 GC heap after
Heap after GC invocations=12 (full 3):
 PSYoungGen      total 388608K, used 25078K [0x00000000d5580000, 0x00000000f5000000, 0x0000000100000000)
  eden space 363520K, 0% used [0x00000000d5580000,0x00000000d5580000,0x00000000eb880000)
  from space 25088K, 99% used [0x00000000eb880000,0x00000000ed0fdbd8,0x00000000ed100000)
  to   space 30720K, 0% used [0x00000000f3200000,0x00000000f3200000,0x00000000f5000000)
 ParOldGen       total 187904K, used 44327K [0x0000000080000000, 0x000000008b780000, 0x00000000d5580000)
  object space 187904K, 23% used [0x0000000080000000,0x0000000082b49cc0,0x000000008b780000)
 Metaspace       used 67618K, capacity 71004K, committed 71192K, reserved 1110016K
  class space    used 9234K, capacity 9895K, committed 10008K, reserved 1048576K
}
Event: 84.812 GC heap before
{Heap before GC invocations=13 (full 3):
 PSYoungGen      total 388608K, used 388598K [0x00000000d5580000, 0x00000000f5000000, 0x0000000100000000)
  eden space 363520K, 100% used [0x00000000d5580000,0x00000000eb880000,0x00000000eb880000)
  from space 25088K, 99% used [0x00000000eb880000,0x00000000ed0fdbd8,0x00000000ed100000)
  to   space 30720K, 0% used [0x00000000f3200000,0x00000000f3200000,0x00000000f5000000)
 ParOldGen       total 187904K, used 44327K [0x0000000080000000, 0x000000008b780000, 0x00000000d5580000)
  object space 187904K, 23% used [0x0000000080000000,0x0000000082b49cc0,0x000000008b780000)
 Metaspace       used 78624K, capacity 82434K, committed 82712K, reserved 1120256K
  class space    used 10485K, capacity 11206K, committed 11288K, reserved 1048576K
Event: 84.839 GC heap after
Heap after GC invocations=13 (full 3):
 PSYoungGen      total 473600K, used 30706K [0x00000000d5580000, 0x00000000f5400000, 0x0000000100000000)
  eden space 442880K, 0% used [0x00000000d5580000,0x00000000d5580000,0x00000000f0600000)
  from space 30720K, 99% used [0x00000000f3200000,0x00000000f4ffca48,0x00000000f5000000)
  to   space 39936K, 0% used [0x00000000f0600000,0x00000000f0600000,0x00000000f2d00000)
 ParOldGen       total 187904K, used 57968K [0x0000000080000000, 0x000000008b780000, 0x00000000d5580000)
  object space 187904K, 30% used [0x0000000080000000,0x000000008389c208,0x000000008b780000)
 Metaspace       used 78624K, capacity 82434K, committed 82712K, reserved 1120256K
  class space    used 10485K, capacity 11206K, committed 11288K, reserved 1048576K
}

